android/build/intermediates/manifest_merge_blame_file/release/manifest-merger-blame-release-report.txt
1<?xml version="1.0" encoding="utf-8"?>
2<manifest xmlns:android="http://schemas.android.com/apk/res/android"
3    package="com.mygdx.tanks2d"
4    android:versionCode="1"
5    android:versionName="1.0" >
6
7    <uses-sdk
8        android:minSdkVersion="14"
8-->BT_BEST\android\AndroidManifest.xml
9        android:targetSdkVersion="32" />
9-->BT_BEST\android\AndroidManifest.xml
10
11    <uses-permission android:name="android.permission.INTERNET" />
11-->BT_BEST\android\AndroidManifest.xml:6:5-66
11-->BT_BEST\android\AndroidManifest.xml:6:22-64
12    <uses-permission android:name="android.permission.ACCESS_WIFI_STATE" />
12-->BT_BEST\android\AndroidManifest.xml:8:5-75
12-->BT_BEST\android\AndroidManifest.xml:8:22-73
13    <uses-permission android:name="android.permission.ACCESS_NETWORK_STATE" />
13-->BT_BEST\android\AndroidManifest.xml:9:5-79
13-->BT_BEST\android\AndroidManifest.xml:9:22-76
14    <uses-permission android:name="android.permission.VIBRATE" />
14-->BT_BEST\android\AndroidManifest.xml:10:5-66
14-->BT_BEST\android\AndroidManifest.xml:10:22-63
15
16    <uses-feature
16-->BT_BEST\android\AndroidManifest.xml:12:5-78
17        android:glEsVersion="0x00020000"
17-->BT_BEST\android\AndroidManifest.xml:12:19-51
18        android:required="true" />
18-->BT_BEST\android\AndroidManifest.xml:12:52-75
19
20    <application
20-->BT_BEST\android\AndroidManifest.xml:14:5-33:19
21        android:allowBackup="true"
21-->BT_BEST\android\AndroidManifest.xml:15:9-35
22        android:appCategory="game"
22-->BT_BEST\android\AndroidManifest.xml:19:9-35
23        android:fullBackupContent="true"
23-->BT_BEST\android\AndroidManifest.xml:16:9-41
24        android:icon="@drawable/ic_launcher"
24-->BT_BEST\android\AndroidManifest.xml:17:9-45
25        android:isGame="true"
25-->BT_BEST\android\AndroidManifest.xml:18:9-30
26        android:label="@string/app_name" >
26-->BT_BEST\android\AndroidManifest.xml:20:9-41
27        <activity
27-->BT_BEST\android\AndroidManifest.xml:22:9-32:20
28            android:name="com.mygdx.tanks2d.AndroidLauncher"
28-->BT_BEST\android\AndroidManifest.xml:23:13-61
29            android:configChanges="keyboard|keyboardHidden|navigation|orientation|screenSize|screenLayout"
29-->BT_BEST\android\AndroidManifest.xml:26:13-107
30            android:exported="true"
30-->BT_BEST\android\AndroidManifest.xml:27:13-36
31            android:label="@string/app_name"
31-->BT_BEST\android\AndroidManifest.xml:24:13-45
32            android:screenOrientation="landscape" >
32-->BT_BEST\android\AndroidManifest.xml:25:13-50
33            <intent-filter>
33-->BT_BEST\android\AndroidManifest.xml:28:13-31:29
34                <action android:name="android.intent.action.MAIN" />
34-->BT_BEST\android\AndroidManifest.xml:29:17-69
34-->BT_BEST\android\AndroidManifest.xml:29:25-66
35
36                <category android:name="android.intent.category.LAUNCHER" />
36-->BT_BEST\android\AndroidManifest.xml:30:17-77
36-->BT_BEST\android\AndroidManifest.xml:30:27-74
37            </intent-filter>
38        </activity>
39    </application>
40
41</manifest>